Using pre-set license
Built from '2020.2/staging' branch; Version is '2020.2.3f1 (8ff31bc5bf5b) revision 9433883'; Using compiler version '192528614'; Build Type 'Release'
OS: 'Windows 10 Home; OS build 19041.928; Version 2004; 64bit' Language: 'fr' Physical Memory: 16235 MB
BatchMode: 1, IsHumanControllingUs: 0, StartBugReporterOnCrash: 0, Is64bit: 1, IsPro: 0

 COMMAND LINE ARGUMENTS:
C:\Program Files\Unity\Hub\Editor\2020.2.3f1\Editor\Unity.exe
-adb2
-batchMode
-noUpm
-name
AssetImportWorker0
-projectPath
C:/Users/ms/Desktop/TUT_GameLab_UnderstadnYou_Repo/TUT_GameLab_Group3_UnderstandYou_Repository/UnderstandYou_prototype
-logFile
Logs/AssetImportWorker0.log
-srvPort
59022
Successfully changed project path to: C:/Users/ms/Desktop/TUT_GameLab_UnderstadnYou_Repo/TUT_GameLab_Group3_UnderstandYou_Repository/UnderstandYou_prototype
C:/Users/ms/Desktop/TUT_GameLab_UnderstadnYou_Repo/TUT_GameLab_Group3_UnderstandYou_Repository/UnderstandYou_prototype
Using Asset Import Pipeline V2.
Refreshing native plugins compatible for Editor in 30.79 ms, found 0 plugins.
Preloading 0 native plugins for Editor in 0.00 ms.
Initialize engine version: 2020.2.3f1 (8ff31bc5bf5b)
[Subsystems] Discovering subsystems at path C:/Program Files/Unity/Hub/Editor/2020.2.3f1/Editor/Data/Resources/UnitySubsystems
[Subsystems] Discovering subsystems at path C:/Users/ms/Desktop/TUT_GameLab_UnderstadnYou_Repo/TUT_GameLab_Group3_UnderstandYou_Repository/UnderstandYou_prototype/Assets
GfxDevice: creating device client; threaded=0
Direct3D:
    Version:  Direct3D 11.0 [level 11.1]
    Renderer: NVIDIA GeForce GTX 1050 with Max-Q Design (ID=0x1c8d)
    Vendor:   
    VRAM:     4021 MB
    Driver:   27.21.14.5763
Initialize mono
Mono path[0] = 'C:/Program Files/Unity/Hub/Editor/2020.2.3f1/Editor/Data/Managed'
Mono path[1] = 'C:/Program Files/Unity/Hub/Editor/2020.2.3f1/Editor/Data/MonoBleedingEdge/lib/mono/unityjit'
Mono config path = 'C:/Program Files/Unity/Hub/Editor/2020.2.3f1/Editor/Data/MonoBleedingEdge/etc'
Using monoOptions --debugger-agent=transport=dt_socket,embedding=1,server=y,suspend=n,address=127.0.0.1:56252
Begin MonoManager ReloadAssembly
Registering precompiled unity dll's ...
Register platform support module: C:/Program Files/Unity/Hub/Editor/2020.2.3f1/Editor/Data/PlaybackEngines/WindowsStandaloneSupport/UnityEditor.WindowsStandalone.Extensions.dll
Registered in 0.001381 seconds.
Native extension for WindowsStandalone target not found
Refreshing native plugins compatible for Editor in 35.75 ms, found 0 plugins.
Preloading 0 native plugins for Editor in 0.00 ms.
Invoked RoslynAnalysisRunner static constructor.
RoslynAnalysisRunner will not be running.
RoslynAnalysisRunner has terminated.
Mono: successfully reloaded assembly
- Completed reload, in  1.526 seconds
Platform modules already initialized, skipping
Registering precompiled user dll's ...
Registered in 0.001223 seconds.
Begin MonoManager ReloadAssembly
Native extension for WindowsStandalone target not found
Refreshing native plugins compatible for Editor in 35.67 ms, found 0 plugins.
Preloading 0 native plugins for Editor in 0.00 ms.
Invoked RoslynAnalysisRunner static constructor.
RoslynAnalysisRunner will not be running.
RoslynAnalysisRunner has terminated.
Mono: successfully reloaded assembly
- Completed reload, in  0.846 seconds
Platform modules already initialized, skipping
========================================================================
Worker process is ready to serve import requests
Launched and connected shader compiler UnityShaderCompiler.exe after 0.03 seconds
Refreshing native plugins compatible for Editor in 0.52 ms, found 0 plugins.
Preloading 0 native plugins for Editor in 0.00 ms.
Unloading 2164 Unused Serialized files (Serialized files now loaded: 0)
System memory in use before: 90.1 MB.
System memory in use after: 90.2 MB.

Unloading 12 unused Assets to reduce memory usage. Loaded Objects now: 2607.
Total: 2.313100 ms (FindLiveObjects: 0.399200 ms CreateObjectMapping: 0.137400 ms MarkObjects: 1.694000 ms  DeleteObjects: 0.081600 ms)

========================================================================
Received Import Request.
  path: Assets/Materials/Skybox.mat
  artifactKey: Guid(5e964de35dfe92941b710dfaaa86f713) Importer(815301076,1909f56bfc062723c751e8b465ee728b)
Start importing Assets/Materials/Skybox.mat using Guid(5e964de35dfe92941b710dfaaa86f713) Importer(815301076,1909f56bfc062723c751e8b465ee728b)  -> (artifact id: 'e5b76ff8ede2201b870bc550bdb561f0') in 0.103881 seconds
  Import took 0.107835 seconds .

========================================================================
Received Import Request.
  Time since last request: 458.186699 seconds.
  path: Assets/InputManagment
  artifactKey: Guid(95d423127a77d3740a7041c1355a3ce4) Importer(815301076,1909f56bfc062723c751e8b465ee728b)
Start importing Assets/InputManagment using Guid(95d423127a77d3740a7041c1355a3ce4) Importer(815301076,1909f56bfc062723c751e8b465ee728b)  -> (artifact id: 'dbbb0ee763a2a05cea6758e6646debe1') in 0.009648 seconds
  Import took 0.014413 seconds .

========================================================================
Received Import Request.
  Time since last request: 0.001118 seconds.
  path: Assets/InputManagment
  artifactKey: Guid(95d423127a77d3740a7041c1355a3ce4) Importer(815301076,1909f56bfc062723c751e8b465ee728b)
Start importing Assets/InputManagment using Guid(95d423127a77d3740a7041c1355a3ce4) Importer(815301076,1909f56bfc062723c751e8b465ee728b)  -> (artifact id: 'dbbb0ee763a2a05cea6758e6646debe1') in 0.002519 seconds
  Import took 0.006373 seconds .

========================================================================
Received Import Request.
  Time since last request: 23.060801 seconds.
  path: Assets/InputManagment/UnderstandYou_prototype.inputactions
  artifactKey: Guid(1240cd831cec0d440987636cfe49716c) Importer(815301076,1909f56bfc062723c751e8b465ee728b)
Start importing Assets/InputManagment/UnderstandYou_prototype.inputactions using Guid(1240cd831cec0d440987636cfe49716c) Importer(815301076,1909f56bfc062723c751e8b465ee728b)  -> (artifact id: '54ef77ab833b278ceb8d2dafa3a144f2') in 0.019195 seconds
  Import took 0.022936 seconds .

========================================================================
Received Import Request.
  Time since last request: 92.603539 seconds.
  path: Assets/InputSystem.inputsettings.asset
  artifactKey: Guid(2919322de9f8d3149a13f5e4f6f2738c) Importer(815301076,1909f56bfc062723c751e8b465ee728b)
Start importing Assets/InputSystem.inputsettings.asset using Guid(2919322de9f8d3149a13f5e4f6f2738c) Importer(815301076,1909f56bfc062723c751e8b465ee728b)  -> (artifact id: '859d1a02495f52d5a22af0a6852c3bd4') in 0.009547 seconds
  Import took 0.015632 seconds .

========================================================================
Received Import Request.
  Time since last request: 0.006157 seconds.
  path: Assets/InputSystem.inputsettings.asset
  artifactKey: Guid(2919322de9f8d3149a13f5e4f6f2738c) Importer(815301076,1909f56bfc062723c751e8b465ee728b)
Start importing Assets/InputSystem.inputsettings.asset using Guid(2919322de9f8d3149a13f5e4f6f2738c) Importer(815301076,1909f56bfc062723c751e8b465ee728b)  -> (artifact id: '859d1a02495f52d5a22af0a6852c3bd4') in 0.002855 seconds
  Import took 0.007776 seconds .

========================================================================
Received Import Request.
  Time since last request: 119.518253 seconds.
  path: Assets/InputManagment/UnderstandYou_prototype.inputactions
  artifactKey: Guid(1240cd831cec0d440987636cfe49716c) Importer(815301076,1909f56bfc062723c751e8b465ee728b)
Start importing Assets/InputManagment/UnderstandYou_prototype.inputactions using Guid(1240cd831cec0d440987636cfe49716c) Importer(815301076,1909f56bfc062723c751e8b465ee728b)  -> (artifact id: '46d21cfb68aa81e8e6d15963fc032b7f') in 0.005659 seconds
  Import took 0.009771 seconds .

========================================================================
Received Prepare
Registering precompiled user dll's ...
Registered in 0.000964 seconds.
Begin MonoManager ReloadAssembly
Native extension for WindowsStandalone target not found
Refreshing native plugins compatible for Editor in 0.56 ms, found 0 plugins.
Preloading 0 native plugins for Editor in 0.00 ms.
Invoked RoslynAnalysisRunner static constructor.
RoslynAnalysisRunner will not be running.
RoslynAnalysisRunner has terminated.
Mono: successfully reloaded assembly
- Completed reload, in  0.867 seconds
Platform modules already initialized, skipping
Refreshing native plugins compatible for Editor in 0.35 ms, found 0 plugins.
Preloading 0 native plugins for Editor in 0.00 ms.
Unloading 2153 Unused Serialized files (Serialized files now loaded: 0)
System memory in use before: 93.1 MB.
System memory in use after: 93.2 MB.

Unloading 6 unused Assets to reduce memory usage. Loaded Objects now: 2649.
Total: 7.036400 ms (FindLiveObjects: 0.573200 ms CreateObjectMapping: 0.313600 ms MarkObjects: 6.093700 ms  DeleteObjects: 0.052700 ms)

========================================================================
Received Import Request.
  Time since last request: 338.298167 seconds.
  path: Assets/InputManagment/UnderstandYou_prototype.inputactions
  artifactKey: Guid(1240cd831cec0d440987636cfe49716c) Importer(815301076,1909f56bfc062723c751e8b465ee728b)
Start importing Assets/InputManagment/UnderstandYou_prototype.inputactions using Guid(1240cd831cec0d440987636cfe49716c) Importer(815301076,1909f56bfc062723c751e8b465ee728b)  -> (artifact id: 'dbe6b46879e07490815b02a3f672d793') in 0.022796 seconds
  Import took 0.027814 seconds .

========================================================================
Received Import Request.
  Time since last request: 0.000264 seconds.
  path: Assets/InputManagment/UnderstandYou_prototype.inputactions
  artifactKey: Guid(1240cd831cec0d440987636cfe49716c) Importer(815301076,1909f56bfc062723c751e8b465ee728b)
Start importing Assets/InputManagment/UnderstandYou_prototype.inputactions using Guid(1240cd831cec0d440987636cfe49716c) Importer(815301076,1909f56bfc062723c751e8b465ee728b)  -> (artifact id: 'dbe6b46879e07490815b02a3f672d793') in 0.004679 seconds
  Import took 0.008704 seconds .

========================================================================
Received Import Request.
  Time since last request: 12.263330 seconds.
  path: Assets/InputManagment/UnderstandYou_prototype.inputactions
  artifactKey: Guid(1240cd831cec0d440987636cfe49716c) Importer(815301076,1909f56bfc062723c751e8b465ee728b)
Start importing Assets/InputManagment/UnderstandYou_prototype.inputactions using Guid(1240cd831cec0d440987636cfe49716c) Importer(815301076,1909f56bfc062723c751e8b465ee728b)  -> (artifact id: 'be6ffb2380ce90eb548ede8f5beb16b6') in 0.006647 seconds
  Import took 0.010755 seconds .

========================================================================
Received Import Request.
  Time since last request: 23.654236 seconds.
  path: Assets/InputManagment/UnderstandYou_prototype.inputactions
  artifactKey: Guid(1240cd831cec0d440987636cfe49716c) Importer(815301076,1909f56bfc062723c751e8b465ee728b)
Start importing Assets/InputManagment/UnderstandYou_prototype.inputactions using Guid(1240cd831cec0d440987636cfe49716c) Importer(815301076,1909f56bfc062723c751e8b465ee728b)  -> (artifact id: 'cfbf0a9b8772a4f6c91c87f4f580fd55') in 0.006164 seconds
  Import took 0.009708 seconds .

========================================================================
Received Import Request.
  Time since last request: 8.795732 seconds.
  path: Assets/InputManagment/UnderstandYou_prototype.inputactions
  artifactKey: Guid(1240cd831cec0d440987636cfe49716c) Importer(815301076,1909f56bfc062723c751e8b465ee728b)
Start importing Assets/InputManagment/UnderstandYou_prototype.inputactions using Guid(1240cd831cec0d440987636cfe49716c) Importer(815301076,1909f56bfc062723c751e8b465ee728b)  -> (artifact id: '021010913f63c7b8cdd7a3caf17a8cc6') in 0.006934 seconds
  Import took 0.011992 seconds .

========================================================================
Received Import Request.
  Time since last request: 17.853821 seconds.
  path: Assets/InputManagment/UnderstandYou_prototype.inputactions
  artifactKey: Guid(1240cd831cec0d440987636cfe49716c) Importer(815301076,1909f56bfc062723c751e8b465ee728b)
Start importing Assets/InputManagment/UnderstandYou_prototype.inputactions using Guid(1240cd831cec0d440987636cfe49716c) Importer(815301076,1909f56bfc062723c751e8b465ee728b)  -> (artifact id: 'b142f12daf8c51306ae31d2608e9f6e1') in 0.005106 seconds
  Import took 0.009111 seconds .

========================================================================
Received Import Request.
  Time since last request: 6.347664 seconds.
  path: Assets/InputManagment/UnderstandYou_prototype.inputactions
  artifactKey: Guid(1240cd831cec0d440987636cfe49716c) Importer(815301076,1909f56bfc062723c751e8b465ee728b)
Start importing Assets/InputManagment/UnderstandYou_prototype.inputactions using Guid(1240cd831cec0d440987636cfe49716c) Importer(815301076,1909f56bfc062723c751e8b465ee728b)  -> (artifact id: 'b152ea349ad50cb3078297a44726b1ac') in 0.005131 seconds
  Import took 0.009101 seconds .

========================================================================
Received Import Request.
  Time since last request: 2.877462 seconds.
  path: Assets/InputManagment/UnderstandYou_prototype.inputactions
  artifactKey: Guid(1240cd831cec0d440987636cfe49716c) Importer(815301076,1909f56bfc062723c751e8b465ee728b)
Start importing Assets/InputManagment/UnderstandYou_prototype.inputactions using Guid(1240cd831cec0d440987636cfe49716c) Importer(815301076,1909f56bfc062723c751e8b465ee728b)  -> (artifact id: '684f9a5e6558517075cd03f04c926af3') in 0.004992 seconds
  Import took 0.008621 seconds .

========================================================================
Received Import Request.
  Time since last request: 11.095904 seconds.
  path: Assets/InputManagment/UnderstandYou_prototype.inputactions
  artifactKey: Guid(1240cd831cec0d440987636cfe49716c) Importer(815301076,1909f56bfc062723c751e8b465ee728b)
Start importing Assets/InputManagment/UnderstandYou_prototype.inputactions using Guid(1240cd831cec0d440987636cfe49716c) Importer(815301076,1909f56bfc062723c751e8b465ee728b)  -> (artifact id: '3e4ec1ccc57b2983d4766e83df99baa2') in 0.004821 seconds
  Import took 0.008091 seconds .

========================================================================
Received Prepare
Registering precompiled user dll's ...
Registered in 0.001062 seconds.
Begin MonoManager ReloadAssembly
Native extension for WindowsStandalone target not found
Refreshing native plugins compatible for Editor in 0.64 ms, found 0 plugins.
Preloading 0 native plugins for Editor in 0.00 ms.
Invoked RoslynAnalysisRunner static constructor.
RoslynAnalysisRunner will not be running.
RoslynAnalysisRunner has terminated.
Mono: successfully reloaded assembly
- Completed reload, in  0.916 seconds
Platform modules already initialized, skipping
Refreshing native plugins compatible for Editor in 0.34 ms, found 0 plugins.
Preloading 0 native plugins for Editor in 0.00 ms.
Unloading 2153 Unused Serialized files (Serialized files now loaded: 0)
System memory in use before: 93.2 MB.
System memory in use after: 93.3 MB.

Unloading 6 unused Assets to reduce memory usage. Loaded Objects now: 2651.
Total: 4.893100 ms (FindLiveObjects: 0.944500 ms CreateObjectMapping: 0.367100 ms MarkObjects: 3.548400 ms  DeleteObjects: 0.030400 ms)

========================================================================
Received Import Request.
  Time since last request: 306.329738 seconds.
  path: Assets/InputManagment/UnderstandYou_prototype.inputactions
  artifactKey: Guid(1240cd831cec0d440987636cfe49716c) Importer(815301076,1909f56bfc062723c751e8b465ee728b)
Start importing Assets/InputManagment/UnderstandYou_prototype.inputactions using Guid(1240cd831cec0d440987636cfe49716c) Importer(815301076,1909f56bfc062723c751e8b465ee728b)  -> (artifact id: 'e8e9d1862c265c3f36e2a30c5db11d6e') in 0.019979 seconds
  Import took 0.024599 seconds .

========================================================================
Received Prepare
Registering precompiled user dll's ...
Registered in 0.001124 seconds.
Begin MonoManager ReloadAssembly
Native extension for WindowsStandalone target not found
Refreshing native plugins compatible for Editor in 0.33 ms, found 0 plugins.
Preloading 0 native plugins for Editor in 0.00 ms.
Invoked RoslynAnalysisRunner static constructor.
RoslynAnalysisRunner will not be running.
RoslynAnalysisRunner has terminated.
Mono: successfully reloaded assembly
- Completed reload, in  0.902 seconds
Platform modules already initialized, skipping
Refreshing native plugins compatible for Editor in 0.33 ms, found 0 plugins.
Preloading 0 native plugins for Editor in 0.00 ms.
Unloading 2154 Unused Serialized files (Serialized files now loaded: 0)
System memory in use before: 93.3 MB.
System memory in use after: 93.4 MB.

Unloading 6 unused Assets to reduce memory usage. Loaded Objects now: 2654.
Total: 2.142100 ms (FindLiveObjects: 0.236300 ms CreateObjectMapping: 0.096600 ms MarkObjects: 1.792100 ms  DeleteObjects: 0.015800 ms)

========================================================================
Received Import Request.
  Time since last request: 7.028908 seconds.
  path: Assets/InputManagment/InputSystem.inputsettings.asset
  artifactKey: Guid(2919322de9f8d3149a13f5e4f6f2738c) Importer(815301076,1909f56bfc062723c751e8b465ee728b)
Start importing Assets/InputManagment/InputSystem.inputsettings.asset using Guid(2919322de9f8d3149a13f5e4f6f2738c) Importer(815301076,1909f56bfc062723c751e8b465ee728b)  -> (artifact id: '13a1af641c3518cb58958cfd5355dce1') in 0.022201 seconds
  Import took 0.026459 seconds .

========================================================================
Received Prepare
Registering precompiled user dll's ...
Registered in 0.000937 seconds.
Begin MonoManager ReloadAssembly
Native extension for WindowsStandalone target not found
Refreshing native plugins compatible for Editor in 0.63 ms, found 0 plugins.
Preloading 0 native plugins for Editor in 0.00 ms.
Invoked RoslynAnalysisRunner static constructor.
RoslynAnalysisRunner will not be running.
RoslynAnalysisRunner has terminated.
Mono: successfully reloaded assembly
- Completed reload, in  0.862 seconds
Platform modules already initialized, skipping
Refreshing native plugins compatible for Editor in 0.33 ms, found 0 plugins.
Preloading 0 native plugins for Editor in 0.00 ms.
Unloading 2154 Unused Serialized files (Serialized files now loaded: 0)
System memory in use before: 93.3 MB.
System memory in use after: 93.4 MB.

Unloading 6 unused Assets to reduce memory usage. Loaded Objects now: 2656.
Total: 2.334100 ms (FindLiveObjects: 0.259700 ms CreateObjectMapping: 0.101800 ms MarkObjects: 1.954900 ms  DeleteObjects: 0.016900 ms)

========================================================================
Received Import Request.
  Time since last request: 268.245723 seconds.
  path: Assets/InputManagment/UnderstandYou_prototype.inputactions
  artifactKey: Guid(1240cd831cec0d440987636cfe49716c) Importer(815301076,1909f56bfc062723c751e8b465ee728b)
Start importing Assets/InputManagment/UnderstandYou_prototype.inputactions using Guid(1240cd831cec0d440987636cfe49716c) Importer(815301076,1909f56bfc062723c751e8b465ee728b)  -> (artifact id: 'cdbc2e4183727a4adfa193f65c030459') in 0.018139 seconds
  Import took 0.022720 seconds .

========================================================================
Received Import Request.
  Time since last request: 0.001312 seconds.
  path: Assets/InputManagment/UnderstandYou_prototype.inputactions
  artifactKey: Guid(1240cd831cec0d440987636cfe49716c) Importer(815301076,1909f56bfc062723c751e8b465ee728b)
Start importing Assets/InputManagment/UnderstandYou_prototype.inputactions using Guid(1240cd831cec0d440987636cfe49716c) Importer(815301076,1909f56bfc062723c751e8b465ee728b)  -> (artifact id: 'cdbc2e4183727a4adfa193f65c030459') in 0.004854 seconds
  Import took 0.008548 seconds .

========================================================================
Received Prepare
Registering precompiled user dll's ...
Registered in 0.001065 seconds.
Begin MonoManager ReloadAssembly
Native extension for WindowsStandalone target not found
Refreshing native plugins compatible for Editor in 0.44 ms, found 0 plugins.
Preloading 0 native plugins for Editor in 0.00 ms.
Invoked RoslynAnalysisRunner static constructor.
RoslynAnalysisRunner will not be running.
RoslynAnalysisRunner has terminated.
Mono: successfully reloaded assembly
- Completed reload, in  0.751 seconds
Platform modules already initialized, skipping
Refreshing native plugins compatible for Editor in 0.32 ms, found 0 plugins.
Preloading 0 native plugins for Editor in 0.00 ms.
Unloading 2154 Unused Serialized files (Serialized files now loaded: 0)
System memory in use before: 93.2 MB.
System memory in use after: 93.3 MB.

Unloading 6 unused Assets to reduce memory usage. Loaded Objects now: 2658.
Total: 2.245500 ms (FindLiveObjects: 0.248000 ms CreateObjectMapping: 0.138200 ms MarkObjects: 1.843600 ms  DeleteObjects: 0.014300 ms)

========================================================================
Received Import Request.
  Time since last request: 10.073206 seconds.
  path: Assets/InputManagment/UnderstandYou_prototype.inputactions
  artifactKey: Guid(1240cd831cec0d440987636cfe49716c) Importer(815301076,1909f56bfc062723c751e8b465ee728b)
Start importing Assets/InputManagment/UnderstandYou_prototype.inputactions using Guid(1240cd831cec0d440987636cfe49716c) Importer(815301076,1909f56bfc062723c751e8b465ee728b)  -> (artifact id: '70bd26274fb3b458f7e98a86401ffca2') in 0.020926 seconds
  Import took 0.025060 seconds .

========================================================================
Received Prepare
Registering precompiled user dll's ...
Registered in 0.001007 seconds.
Begin MonoManager ReloadAssembly
Native extension for WindowsStandalone target not found
Refreshing native plugins compatible for Editor in 0.42 ms, found 0 plugins.
Preloading 0 native plugins for Editor in 0.00 ms.
Invoked RoslynAnalysisRunner static constructor.
RoslynAnalysisRunner will not be running.
RoslynAnalysisRunner has terminated.
Mono: successfully reloaded assembly
- Completed reload, in  0.762 seconds
Platform modules already initialized, skipping
Refreshing native plugins compatible for Editor in 0.32 ms, found 0 plugins.
Preloading 0 native plugins for Editor in 0.00 ms.
Unloading 2154 Unused Serialized files (Serialized files now loaded: 0)
System memory in use before: 93.3 MB.
System memory in use after: 93.4 MB.

Unloading 6 unused Assets to reduce memory usage. Loaded Objects now: 2660.
Total: 2.397400 ms (FindLiveObjects: 0.425900 ms CreateObjectMapping: 0.192800 ms MarkObjects: 1.762300 ms  DeleteObjects: 0.015000 ms)

========================================================================
Received Import Request.
  Time since last request: 21.133263 seconds.
  path: Assets/InputManagment/UnderstandYou_prototype.inputactions
  artifactKey: Guid(1240cd831cec0d440987636cfe49716c) Importer(815301076,1909f56bfc062723c751e8b465ee728b)
Start importing Assets/InputManagment/UnderstandYou_prototype.inputactions using Guid(1240cd831cec0d440987636cfe49716c) Importer(815301076,1909f56bfc062723c751e8b465ee728b)  -> (artifact id: '24add973153d6c6c2f81a0edb077e1c5') in 0.023384 seconds
  Import took 0.028580 seconds .

========================================================================
Received Prepare
Registering precompiled user dll's ...
Registered in 0.001972 seconds.
Begin MonoManager ReloadAssembly
Native extension for WindowsStandalone target not found
Refreshing native plugins compatible for Editor in 0.41 ms, found 0 plugins.
Preloading 0 native plugins for Editor in 0.00 ms.
Invoked RoslynAnalysisRunner static constructor.
RoslynAnalysisRunner will not be running.
RoslynAnalysisRunner has terminated.
Mono: successfully reloaded assembly
- Completed reload, in  0.860 seconds
Platform modules already initialized, skipping
Refreshing native plugins compatible for Editor in 0.32 ms, found 0 plugins.
Preloading 0 native plugins for Editor in 0.00 ms.
Unloading 2154 Unused Serialized files (Serialized files now loaded: 0)
System memory in use before: 93.3 MB.
System memory in use after: 93.4 MB.

Unloading 6 unused Assets to reduce memory usage. Loaded Objects now: 2662.
Total: 2.892700 ms (FindLiveObjects: 0.452600 ms CreateObjectMapping: 0.177500 ms MarkObjects: 2.242600 ms  DeleteObjects: 0.018800 ms)

========================================================================
Received Import Request.
  Time since last request: 81.845089 seconds.
  path: Assets/InputManagment/Player_Movement.cs
  artifactKey: Guid(6af1908183ca6694fa0ea4a591284456) Importer(815301076,1909f56bfc062723c751e8b465ee728b)
Start importing Assets/InputManagment/Player_Movement.cs using Guid(6af1908183ca6694fa0ea4a591284456) Importer(815301076,1909f56bfc062723c751e8b465ee728b)  -> (artifact id: '7a898889da77e3ee48f4087bed89adad') in 0.022616 seconds
  Import took 0.026977 seconds .

========================================================================
Received Prepare
Registering precompiled user dll's ...
Registered in 0.001060 seconds.
Begin MonoManager ReloadAssembly
Native extension for WindowsStandalone target not found
Refreshing native plugins compatible for Editor in 0.32 ms, found 0 plugins.
Preloading 0 native plugins for Editor in 0.00 ms.
Invoked RoslynAnalysisRunner static constructor.
RoslynAnalysisRunner will not be running.
RoslynAnalysisRunner has terminated.
Mono: successfully reloaded assembly
- Completed reload, in  0.735 seconds
Platform modules already initialized, skipping
Refreshing native plugins compatible for Editor in 0.36 ms, found 0 plugins.
Preloading 0 native plugins for Editor in 0.00 ms.
Unloading 2155 Unused Serialized files (Serialized files now loaded: 0)
System memory in use before: 93.3 MB.
System memory in use after: 93.4 MB.

Unloading 6 unused Assets to reduce memory usage. Loaded Objects now: 2665.
Total: 2.775200 ms (FindLiveObjects: 0.628700 ms CreateObjectMapping: 0.368500 ms MarkObjects: 1.761700 ms  DeleteObjects: 0.015300 ms)

========================================================================
Received Import Request.
  Time since last request: 13.278026 seconds.
  path: Assets/InputManagment/Player_MouseLook.cs
  artifactKey: Guid(2673248b43871284eb4305f71072e7db) Importer(815301076,1909f56bfc062723c751e8b465ee728b)
Start importing Assets/InputManagment/Player_MouseLook.cs using Guid(2673248b43871284eb4305f71072e7db) Importer(815301076,1909f56bfc062723c751e8b465ee728b)  -> (artifact id: '5771794d7237551d653a19b3e303e05c') in 0.011167 seconds
  Import took 0.015090 seconds .

========================================================================
Received Prepare
Registering precompiled user dll's ...
Registered in 0.001048 seconds.
Begin MonoManager ReloadAssembly
Native extension for WindowsStandalone target not found
Refreshing native plugins compatible for Editor in 0.38 ms, found 0 plugins.
Preloading 0 native plugins for Editor in 0.00 ms.
Invoked RoslynAnalysisRunner static constructor.
RoslynAnalysisRunner will not be running.
RoslynAnalysisRunner has terminated.
Mono: successfully reloaded assembly
- Completed reload, in  0.784 seconds
Platform modules already initialized, skipping
Refreshing native plugins compatible for Editor in 0.32 ms, found 0 plugins.
Preloading 0 native plugins for Editor in 0.00 ms.
Unloading 2156 Unused Serialized files (Serialized files now loaded: 0)
System memory in use before: 93.4 MB.
System memory in use after: 93.5 MB.

Unloading 6 unused Assets to reduce memory usage. Loaded Objects now: 2668.
Total: 2.056800 ms (FindLiveObjects: 0.293800 ms CreateObjectMapping: 0.112000 ms MarkObjects: 1.636700 ms  DeleteObjects: 0.013100 ms)

========================================================================
Received Import Request.
  Time since last request: 31.286698 seconds.
  path: Assets/InputManagment/InputManager.cs
  artifactKey: Guid(05560d186935c5c4db5c1728dd9d7f5c) Importer(815301076,1909f56bfc062723c751e8b465ee728b)
Start importing Assets/InputManagment/InputManager.cs using Guid(05560d186935c5c4db5c1728dd9d7f5c) Importer(815301076,1909f56bfc062723c751e8b465ee728b)  -> (artifact id: '1ae58cb96d6418bd26d742cdca754d10') in 0.011688 seconds
  Import took 0.015529 seconds .

========================================================================
Received Import Request.
  Time since last request: 0.003318 seconds.
  path: Assets/InputManagment/InputManager.cs
  artifactKey: Guid(05560d186935c5c4db5c1728dd9d7f5c) Importer(815301076,1909f56bfc062723c751e8b465ee728b)
Start importing Assets/InputManagment/InputManager.cs using Guid(05560d186935c5c4db5c1728dd9d7f5c) Importer(815301076,1909f56bfc062723c751e8b465ee728b)  -> (artifact id: '1ae58cb96d6418bd26d742cdca754d10') in 0.003447 seconds
  Import took 0.007078 seconds .

========================================================================
Received Prepare
Registering precompiled user dll's ...
Registered in 0.000969 seconds.
Begin MonoManager ReloadAssembly
Native extension for WindowsStandalone target not found
Refreshing native plugins compatible for Editor in 0.49 ms, found 0 plugins.
Preloading 0 native plugins for Editor in 0.00 ms.
Invoked RoslynAnalysisRunner static constructor.
RoslynAnalysisRunner will not be running.
RoslynAnalysisRunner has terminated.
Mono: successfully reloaded assembly
- Completed reload, in  0.774 seconds
Platform modules already initialized, skipping
Refreshing native plugins compatible for Editor in 0.33 ms, found 0 plugins.
Preloading 0 native plugins for Editor in 0.00 ms.
Unloading 2157 Unused Serialized files (Serialized files now loaded: 0)
System memory in use before: 93.3 MB.
System memory in use after: 93.4 MB.

Unloading 6 unused Assets to reduce memory usage. Loaded Objects now: 2671.
Total: 2.452900 ms (FindLiveObjects: 0.457000 ms CreateObjectMapping: 0.156700 ms MarkObjects: 1.814800 ms  DeleteObjects: 0.022700 ms)

========================================================================
Received Import Request.
  Time since last request: 147.948239 seconds.
  path: Assets/InputManagment/UnderstandYou_prototype.inputactions
  artifactKey: Guid(1240cd831cec0d440987636cfe49716c) Importer(815301076,1909f56bfc062723c751e8b465ee728b)
Start importing Assets/InputManagment/UnderstandYou_prototype.inputactions using Guid(1240cd831cec0d440987636cfe49716c) Importer(815301076,1909f56bfc062723c751e8b465ee728b)  -> (artifact id: 'd4ce74fb1b203b35e9674a0235484f89') in 0.020842 seconds
  Import took 0.023852 seconds .

========================================================================
Received Prepare
Registering precompiled user dll's ...
Registered in 0.001044 seconds.
Begin MonoManager ReloadAssembly
Native extension for WindowsStandalone target not found
Refreshing native plugins compatible for Editor in 0.33 ms, found 0 plugins.
Preloading 0 native plugins for Editor in 0.00 ms.
Invoked RoslynAnalysisRunner static constructor.
RoslynAnalysisRunner will not be running.
RoslynAnalysisRunner has terminated.
Mono: successfully reloaded assembly
- Completed reload, in  0.746 seconds
Platform modules already initialized, skipping
Refreshing native plugins compatible for Editor in 0.54 ms, found 0 plugins.
Preloading 0 native plugins for Editor in 0.00 ms.
Unloading 2157 Unused Serialized files (Serialized files now loaded: 0)
System memory in use before: 93.4 MB.
System memory in use after: 93.5 MB.

Unloading 6 unused Assets to reduce memory usage. Loaded Objects now: 2673.
Total: 4.346200 ms (FindLiveObjects: 0.423200 ms CreateObjectMapping: 0.235900 ms MarkObjects: 3.651500 ms  DeleteObjects: 0.034000 ms)

========================================================================
Received Prepare
Registering precompiled user dll's ...
Registered in 0.001619 seconds.
Begin MonoManager ReloadAssembly
Native extension for WindowsStandalone target not found
Refreshing native plugins compatible for Editor in 0.38 ms, found 0 plugins.
Preloading 0 native plugins for Editor in 0.00 ms.
Invoked RoslynAnalysisRunner static constructor.
RoslynAnalysisRunner will not be running.
RoslynAnalysisRunner has terminated.
Mono: successfully reloaded assembly
- Completed reload, in  0.859 seconds
Platform modules already initialized, skipping
Refreshing native plugins compatible for Editor in 0.34 ms, found 0 plugins.
Preloading 0 native plugins for Editor in 0.00 ms.
Unloading 2157 Unused Serialized files (Serialized files now loaded: 0)
System memory in use before: 93.4 MB.
System memory in use after: 93.5 MB.

Unloading 6 unused Assets to reduce memory usage. Loaded Objects now: 2675.
Total: 2.042800 ms (FindLiveObjects: 0.314500 ms CreateObjectMapping: 0.117600 ms MarkObjects: 1.590300 ms  DeleteObjects: 0.018800 ms)

========================================================================
Received Import Request.
  Time since last request: 40.824473 seconds.
  path: Assets/InputManagment/UnderstandYou_prototype.inputactions
  artifactKey: Guid(1240cd831cec0d440987636cfe49716c) Importer(815301076,1909f56bfc062723c751e8b465ee728b)
Start importing Assets/InputManagment/UnderstandYou_prototype.inputactions using Guid(1240cd831cec0d440987636cfe49716c) Importer(815301076,1909f56bfc062723c751e8b465ee728b)  -> (artifact id: 'bbaecc198b81e8c7c9238233e9e0e98d') in 0.019644 seconds
  Import took 0.023809 seconds .

========================================================================
Received Prepare
Registering precompiled user dll's ...
Registered in 0.001008 seconds.
Begin MonoManager ReloadAssembly
Native extension for WindowsStandalone target not found
Refreshing native plugins compatible for Editor in 0.48 ms, found 0 plugins.
Preloading 0 native plugins for Editor in 0.00 ms.
Invoked RoslynAnalysisRunner static constructor.
RoslynAnalysisRunner will not be running.
RoslynAnalysisRunner has terminated.
Mono: successfully reloaded assembly
- Completed reload, in  0.830 seconds
Platform modules already initialized, skipping
Refreshing native plugins compatible for Editor in 0.34 ms, found 0 plugins.
Preloading 0 native plugins for Editor in 0.00 ms.
Unloading 2157 Unused Serialized files (Serialized files now loaded: 0)
System memory in use before: 93.4 MB.
System memory in use after: 93.5 MB.

Unloading 6 unused Assets to reduce memory usage. Loaded Objects now: 2677.
Total: 2.080000 ms (FindLiveObjects: 0.245100 ms CreateObjectMapping: 0.149700 ms MarkObjects: 1.645100 ms  DeleteObjects: 0.039000 ms)

========================================================================
Received Prepare
Registering precompiled user dll's ...
Registered in 0.001147 seconds.
Begin MonoManager ReloadAssembly
Native extension for WindowsStandalone target not found
Refreshing native plugins compatible for Editor in 0.32 ms, found 0 plugins.
Preloading 0 native plugins for Editor in 0.00 ms.
Invoked RoslynAnalysisRunner static constructor.
RoslynAnalysisRunner will not be running.
RoslynAnalysisRunner has terminated.
Mono: successfully reloaded assembly
- Completed reload, in  0.833 seconds
Platform modules already initialized, skipping
Refreshing native plugins compatible for Editor in 0.32 ms, found 0 plugins.
Preloading 0 native plugins for Editor in 0.00 ms.
Unloading 2157 Unused Serialized files (Serialized files now loaded: 0)
System memory in use before: 93.4 MB.
System memory in use after: 93.5 MB.

Unloading 6 unused Assets to reduce memory usage. Loaded Objects now: 2679.
Total: 2.776000 ms (FindLiveObjects: 0.376000 ms CreateObjectMapping: 0.204200 ms MarkObjects: 2.142000 ms  DeleteObjects: 0.052800 ms)

========================================================================
Received Import Request.
  Time since last request: 708.048721 seconds.
  path: Assets/InputManagment/InputManager.cs
  artifactKey: Guid(05560d186935c5c4db5c1728dd9d7f5c) Importer(815301076,1909f56bfc062723c751e8b465ee728b)
Start importing Assets/InputManagment/InputManager.cs using Guid(05560d186935c5c4db5c1728dd9d7f5c) Importer(815301076,1909f56bfc062723c751e8b465ee728b)  -> (artifact id: 'e0058f35a0d72701a51fad35663e3971') in 0.004878 seconds
  Import took 0.008028 seconds .

========================================================================
Received Import Request.
  Time since last request: 0.023184 seconds.
  path: Assets/InputManagment/InputManager.cs
  artifactKey: Guid(05560d186935c5c4db5c1728dd9d7f5c) Importer(815301076,1909f56bfc062723c751e8b465ee728b)
Start importing Assets/InputManagment/InputManager.cs using Guid(05560d186935c5c4db5c1728dd9d7f5c) Importer(815301076,1909f56bfc062723c751e8b465ee728b)  -> (artifact id: 'e0058f35a0d72701a51fad35663e3971') in 0.003120 seconds
  Import took 0.006721 seconds .

========================================================================
Received Import Request.
  Time since last request: 1.518626 seconds.
  path: Assets/InputManagment/Player_Movement.cs
  artifactKey: Guid(6af1908183ca6694fa0ea4a591284456) Importer(815301076,1909f56bfc062723c751e8b465ee728b)
Start importing Assets/InputManagment/Player_Movement.cs using Guid(6af1908183ca6694fa0ea4a591284456) Importer(815301076,1909f56bfc062723c751e8b465ee728b)  -> (artifact id: '1477d2e80230cbabe97fd72d5149bab1') in 0.002695 seconds
  Import took 0.006183 seconds .

========================================================================
Received Import Request.
  Time since last request: 0.001327 seconds.
  path: Assets/InputManagment/Player_Movement.cs
  artifactKey: Guid(6af1908183ca6694fa0ea4a591284456) Importer(815301076,1909f56bfc062723c751e8b465ee728b)
Start importing Assets/InputManagment/Player_Movement.cs using Guid(6af1908183ca6694fa0ea4a591284456) Importer(815301076,1909f56bfc062723c751e8b465ee728b)  -> (artifact id: '1477d2e80230cbabe97fd72d5149bab1') in 0.002737 seconds
  Import took 0.006428 seconds .

========================================================================
Received Prepare
Registering precompiled user dll's ...
Registered in 0.001072 seconds.
Begin MonoManager ReloadAssembly
Native extension for WindowsStandalone target not found
Refreshing native plugins compatible for Editor in 0.36 ms, found 0 plugins.
Preloading 0 native plugins for Editor in 0.00 ms.
Invoked RoslynAnalysisRunner static constructor.
RoslynAnalysisRunner will not be running.
RoslynAnalysisRunner has terminated.
Mono: successfully reloaded assembly
- Completed reload, in  0.868 seconds
Platform modules already initialized, skipping
Refreshing native plugins compatible for Editor in 0.34 ms, found 0 plugins.
Preloading 0 native plugins for Editor in 0.00 ms.
Unloading 2157 Unused Serialized files (Serialized files now loaded: 0)
System memory in use before: 93.3 MB.
System memory in use after: 93.4 MB.

Unloading 6 unused Assets to reduce memory usage. Loaded Objects now: 2681.
Total: 2.873600 ms (FindLiveObjects: 0.335400 ms CreateObjectMapping: 0.156400 ms MarkObjects: 2.357300 ms  DeleteObjects: 0.023000 ms)

========================================================================
Received Prepare
Registering precompiled user dll's ...
Registered in 0.001561 seconds.
Begin MonoManager ReloadAssembly
Native extension for WindowsStandalone target not found
Refreshing native plugins compatible for Editor in 0.33 ms, found 0 plugins.
Preloading 0 native plugins for Editor in 0.00 ms.
Invoked RoslynAnalysisRunner static constructor.
RoslynAnalysisRunner will not be running.
RoslynAnalysisRunner has terminated.
Mono: successfully reloaded assembly
- Completed reload, in  0.839 seconds
Platform modules already initialized, skipping
Refreshing native plugins compatible for Editor in 0.36 ms, found 0 plugins.
Preloading 0 native plugins for Editor in 0.00 ms.
Unloading 2157 Unused Serialized files (Serialized files now loaded: 0)
System memory in use before: 93.4 MB.
System memory in use after: 93.5 MB.

Unloading 6 unused Assets to reduce memory usage. Loaded Objects now: 2683.
Total: 2.143300 ms (FindLiveObjects: 0.461500 ms CreateObjectMapping: 0.134400 ms MarkObjects: 1.531500 ms  DeleteObjects: 0.013900 ms)

========================================================================
Received Prepare
Registering precompiled user dll's ...
Registered in 0.000967 seconds.
Begin MonoManager ReloadAssembly
Native extension for WindowsStandalone target not found
Refreshing native plugins compatible for Editor in 0.35 ms, found 0 plugins.
Preloading 0 native plugins for Editor in 0.00 ms.
Invoked RoslynAnalysisRunner static constructor.
RoslynAnalysisRunner will not be running.
RoslynAnalysisRunner has terminated.
Mono: successfully reloaded assembly
- Completed reload, in  0.876 seconds
Platform modules already initialized, skipping
Refreshing native plugins compatible for Editor in 0.36 ms, found 0 plugins.
Preloading 0 native plugins for Editor in 0.00 ms.
Unloading 2157 Unused Serialized files (Serialized files now loaded: 0)
System memory in use before: 93.4 MB.
System memory in use after: 93.5 MB.

Unloading 6 unused Assets to reduce memory usage. Loaded Objects now: 2685.
Total: 2.549300 ms (FindLiveObjects: 0.221100 ms CreateObjectMapping: 0.112800 ms MarkObjects: 2.198700 ms  DeleteObjects: 0.015700 ms)

========================================================================
Received Prepare
Registering precompiled user dll's ...
Registered in 0.001031 seconds.
Begin MonoManager ReloadAssembly
Native extension for WindowsStandalone target not found
Refreshing native plugins compatible for Editor in 0.36 ms, found 0 plugins.
Preloading 0 native plugins for Editor in 0.00 ms.
Invoked RoslynAnalysisRunner static constructor.
RoslynAnalysisRunner will not be running.
RoslynAnalysisRunner has terminated.
Mono: successfully reloaded assembly
- Completed reload, in  0.877 seconds
Platform modules already initialized, skipping
Refreshing native plugins compatible for Editor in 0.32 ms, found 0 plugins.
Preloading 0 native plugins for Editor in 0.00 ms.
Unloading 2157 Unused Serialized files (Serialized files now loaded: 0)
System memory in use before: 93.4 MB.
System memory in use after: 93.6 MB.

Unloading 6 unused Assets to reduce memory usage. Loaded Objects now: 2687.
Total: 2.028500 ms (FindLiveObjects: 0.242700 ms CreateObjectMapping: 0.123500 ms MarkObjects: 1.646400 ms  DeleteObjects: 0.014700 ms)

========================================================================
Received Prepare
Registering precompiled user dll's ...
Registered in 0.001005 seconds.
Begin MonoManager ReloadAssembly
Native extension for WindowsStandalone target not found
Refreshing native plugins compatible for Editor in 0.35 ms, found 0 plugins.
Preloading 0 native plugins for Editor in 0.00 ms.
Invoked RoslynAnalysisRunner static constructor.
RoslynAnalysisRunner will not be running.
RoslynAnalysisRunner has terminated.
Mono: successfully reloaded assembly
- Completed reload, in  0.869 seconds
Platform modules already initialized, skipping
Refreshing native plugins compatible for Editor in 0.59 ms, found 0 plugins.
Preloading 0 native plugins for Editor in 0.00 ms.
Unloading 2157 Unused Serialized files (Serialized files now loaded: 0)
System memory in use before: 93.4 MB.
System memory in use after: 93.6 MB.

Unloading 6 unused Assets to reduce memory usage. Loaded Objects now: 2689.
Total: 2.479900 ms (FindLiveObjects: 0.494100 ms CreateObjectMapping: 0.156700 ms MarkObjects: 1.810600 ms  DeleteObjects: 0.017000 ms)

========================================================================
Received Import Request.
  Time since last request: 1484.739960 seconds.
  path: Assets/InputManagment/UnderstandYou_prototype.inputactions
  artifactKey: Guid(1240cd831cec0d440987636cfe49716c) Importer(815301076,1909f56bfc062723c751e8b465ee728b)
Start importing Assets/InputManagment/UnderstandYou_prototype.inputactions using Guid(1240cd831cec0d440987636cfe49716c) Importer(815301076,1909f56bfc062723c751e8b465ee728b)  -> (artifact id: '904cb557390217228c8bc717120d7f4a') in 0.019690 seconds
  Import took 0.024687 seconds .

========================================================================
Received Prepare
Registering precompiled user dll's ...
Registered in 0.001648 seconds.
Begin MonoManager ReloadAssembly
Native extension for WindowsStandalone target not found
Refreshing native plugins compatible for Editor in 0.62 ms, found 0 plugins.
Preloading 0 native plugins for Editor in 0.00 ms.
Invoked RoslynAnalysisRunner static constructor.
RoslynAnalysisRunner will not be running.
RoslynAnalysisRunner has terminated.
Mono: successfully reloaded assembly
- Completed reload, in  0.800 seconds
Platform modules already initialized, skipping
Refreshing native plugins compatible for Editor in 0.32 ms, found 0 plugins.
Preloading 0 native plugins for Editor in 0.00 ms.
Unloading 2157 Unused Serialized files (Serialized files now loaded: 0)
System memory in use before: 93.4 MB.
System memory in use after: 93.5 MB.

Unloading 6 unused Assets to reduce memory usage. Loaded Objects now: 2691.
Total: 2.554500 ms (FindLiveObjects: 0.306100 ms CreateObjectMapping: 0.190700 ms MarkObjects: 2.041600 ms  DeleteObjects: 0.014800 ms)

========================================================================
Received Prepare
Registering precompiled user dll's ...
Registered in 0.001138 seconds.
Begin MonoManager ReloadAssembly
Native extension for WindowsStandalone target not found
Refreshing native plugins compatible for Editor in 0.39 ms, found 0 plugins.
Preloading 0 native plugins for Editor in 0.00 ms.
Invoked RoslynAnalysisRunner static constructor.
RoslynAnalysisRunner will not be running.
RoslynAnalysisRunner has terminated.
Mono: successfully reloaded assembly
- Completed reload, in  0.884 seconds
Platform modules already initialized, skipping
Refreshing native plugins compatible for Editor in 0.33 ms, found 0 plugins.
Preloading 0 native plugins for Editor in 0.00 ms.
Unloading 2157 Unused Serialized files (Serialized files now loaded: 0)
System memory in use before: 93.5 MB.
System memory in use after: 93.6 MB.

Unloading 6 unused Assets to reduce memory usage. Loaded Objects now: 2693.
Total: 2.482400 ms (FindLiveObjects: 0.363600 ms CreateObjectMapping: 0.212400 ms MarkObjects: 1.887700 ms  DeleteObjects: 0.017200 ms)

========================================================================
Received Prepare
Registering precompiled user dll's ...
Registered in 0.001567 seconds.
Begin MonoManager ReloadAssembly
Native extension for WindowsStandalone target not found
Refreshing native plugins compatible for Editor in 0.64 ms, found 0 plugins.
Preloading 0 native plugins for Editor in 0.00 ms.
Invoked RoslynAnalysisRunner static constructor.
RoslynAnalysisRunner will not be running.
RoslynAnalysisRunner has terminated.
Mono: successfully reloaded assembly
- Completed reload, in  1.657 seconds
Platform modules already initialized, skipping
Refreshing native plugins compatible for Editor in 0.45 ms, found 0 plugins.
Preloading 0 native plugins for Editor in 0.00 ms.
Unloading 2157 Unused Serialized files (Serialized files now loaded: 0)
System memory in use before: 93.5 MB.
System memory in use after: 93.6 MB.

Unloading 6 unused Assets to reduce memory usage. Loaded Objects now: 2695.
Total: 3.939900 ms (FindLiveObjects: 0.302400 ms CreateObjectMapping: 0.154100 ms MarkObjects: 3.466700 ms  DeleteObjects: 0.014900 ms)

========================================================================
Received Prepare
Registering precompiled user dll's ...
Registered in 0.002108 seconds.
Begin MonoManager ReloadAssembly
Native extension for WindowsStandalone target not found
Refreshing native plugins compatible for Editor in 0.35 ms, found 0 plugins.
Preloading 0 native plugins for Editor in 0.00 ms.
Invoked RoslynAnalysisRunner static constructor.
RoslynAnalysisRunner will not be running.
RoslynAnalysisRunner has terminated.
Mono: successfully reloaded assembly
- Completed reload, in  0.880 seconds
Platform modules already initialized, skipping
Refreshing native plugins compatible for Editor in 0.39 ms, found 0 plugins.
Preloading 0 native plugins for Editor in 0.00 ms.
Unloading 2157 Unused Serialized files (Serialized files now loaded: 0)
System memory in use before: 93.5 MB.
System memory in use after: 93.6 MB.

Unloading 6 unused Assets to reduce memory usage. Loaded Objects now: 2697.
Total: 2.324700 ms (FindLiveObjects: 0.342900 ms CreateObjectMapping: 0.151200 ms MarkObjects: 1.811800 ms  DeleteObjects: 0.017000 ms)

========================================================================
Received Prepare
Registering precompiled user dll's ...
Registered in 0.001010 seconds.
Begin MonoManager ReloadAssembly
Native extension for WindowsStandalone target not found
Refreshing native plugins compatible for Editor in 0.37 ms, found 0 plugins.
Preloading 0 native plugins for Editor in 0.00 ms.
Invoked RoslynAnalysisRunner static constructor.
RoslynAnalysisRunner will not be running.
RoslynAnalysisRunner has terminated.
Mono: successfully reloaded assembly
- Completed reload, in  0.871 seconds
Platform modules already initialized, skipping
Refreshing native plugins compatible for Editor in 0.54 ms, found 0 plugins.
Preloading 0 native plugins for Editor in 0.00 ms.
Unloading 2157 Unused Serialized files (Serialized files now loaded: 0)
System memory in use before: 93.5 MB.
System memory in use after: 93.6 MB.

Unloading 6 unused Assets to reduce memory usage. Loaded Objects now: 2699.
Total: 2.227000 ms (FindLiveObjects: 0.312000 ms CreateObjectMapping: 0.114200 ms MarkObjects: 1.781100 ms  DeleteObjects: 0.018800 ms)

========================================================================
Received Prepare
Registering precompiled user dll's ...
Registered in 0.001110 seconds.
Begin MonoManager ReloadAssembly
Native extension for WindowsStandalone target not found
Refreshing native plugins compatible for Editor in 1.52 ms, found 0 plugins.
Preloading 0 native plugins for Editor in 0.00 ms.
Invoked RoslynAnalysisRunner static constructor.
RoslynAnalysisRunner will not be running.
RoslynAnalysisRunner has terminated.
Mono: successfully reloaded assembly
- Completed reload, in  0.882 seconds
Platform modules already initialized, skipping
Refreshing native plugins compatible for Editor in 0.33 ms, found 0 plugins.
Preloading 0 native plugins for Editor in 0.00 ms.
Unloading 2157 Unused Serialized files (Serialized files now loaded: 0)
System memory in use before: 93.4 MB.
System memory in use after: 93.5 MB.

Unloading 6 unused Assets to reduce memory usage. Loaded Objects now: 2701.
Total: 2.144100 ms (FindLiveObjects: 0.245600 ms CreateObjectMapping: 0.120600 ms MarkObjects: 1.762600 ms  DeleteObjects: 0.014400 ms)

========================================================================
Received Prepare
Registering precompiled user dll's ...
Registered in 0.001669 seconds.
Begin MonoManager ReloadAssembly
Native extension for WindowsStandalone target not found
Refreshing native plugins compatible for Editor in 0.35 ms, found 0 plugins.
Preloading 0 native plugins for Editor in 0.00 ms.
Invoked RoslynAnalysisRunner static constructor.
RoslynAnalysisRunner will not be running.
RoslynAnalysisRunner has terminated.
Mono: successfully reloaded assembly
- Completed reload, in  0.936 seconds
Platform modules already initialized, skipping
Refreshing native plugins compatible for Editor in 0.32 ms, found 0 plugins.
Preloading 0 native plugins for Editor in 0.00 ms.
Unloading 2157 Unused Serialized files (Serialized files now loaded: 0)
System memory in use before: 93.5 MB.
System memory in use after: 93.6 MB.

Unloading 6 unused Assets to reduce memory usage. Loaded Objects now: 2703.
Total: 2.248700 ms (FindLiveObjects: 0.367900 ms CreateObjectMapping: 0.167300 ms MarkObjects: 1.695800 ms  DeleteObjects: 0.016200 ms)

========================================================================
Received Prepare
Registering precompiled user dll's ...
Registered in 0.001198 seconds.
Begin MonoManager ReloadAssembly
Native extension for WindowsStandalone target not found
Refreshing native plugins compatible for Editor in 0.36 ms, found 0 plugins.
Preloading 0 native plugins for Editor in 0.00 ms.
Invoked RoslynAnalysisRunner static constructor.
RoslynAnalysisRunner will not be running.
RoslynAnalysisRunner has terminated.
Mono: successfully reloaded assembly
- Completed reload, in  0.903 seconds
Platform modules already initialized, skipping
Refreshing native plugins compatible for Editor in 0.32 ms, found 0 plugins.
Preloading 0 native plugins for Editor in 0.00 ms.
Unloading 2157 Unused Serialized files (Serialized files now loaded: 0)
System memory in use before: 93.5 MB.
System memory in use after: 93.6 MB.

Unloading 6 unused Assets to reduce memory usage. Loaded Objects now: 2705.
Total: 2.050300 ms (FindLiveObjects: 0.233000 ms CreateObjectMapping: 0.105700 ms MarkObjects: 1.694400 ms  DeleteObjects: 0.016100 ms)

========================================================================
Received Prepare
Registering precompiled user dll's ...
Registered in 0.001733 seconds.
Begin MonoManager ReloadAssembly
Native extension for WindowsStandalone target not found
Refreshing native plugins compatible for Editor in 0.58 ms, found 0 plugins.
Preloading 0 native plugins for Editor in 0.00 ms.
Invoked RoslynAnalysisRunner static constructor.
RoslynAnalysisRunner will not be running.
RoslynAnalysisRunner has terminated.
Mono: successfully reloaded assembly
- Completed reload, in  1.468 seconds
Platform modules already initialized, skipping
Refreshing native plugins compatible for Editor in 0.36 ms, found 0 plugins.
Preloading 0 native plugins for Editor in 0.00 ms.
Unloading 2157 Unused Serialized files (Serialized files now loaded: 0)
System memory in use before: 93.5 MB.
System memory in use after: 93.6 MB.

Unloading 6 unused Assets to reduce memory usage. Loaded Objects now: 2707.
Total: 3.253100 ms (FindLiveObjects: 0.482100 ms CreateObjectMapping: 0.217000 ms MarkObjects: 2.530800 ms  DeleteObjects: 0.021400 ms)

========================================================================
Received Prepare
Registering precompiled user dll's ...
Registered in 0.001040 seconds.
Begin MonoManager ReloadAssembly
Native extension for WindowsStandalone target not found
Refreshing native plugins compatible for Editor in 0.37 ms, found 0 plugins.
Preloading 0 native plugins for Editor in 0.00 ms.
Invoked RoslynAnalysisRunner static constructor.
RoslynAnalysisRunner will not be running.
RoslynAnalysisRunner has terminated.
Mono: successfully reloaded assembly
- Completed reload, in  0.863 seconds
Platform modules already initialized, skipping
Refreshing native plugins compatible for Editor in 0.32 ms, found 0 plugins.
Preloading 0 native plugins for Editor in 0.00 ms.
Unloading 2157 Unused Serialized files (Serialized files now loaded: 0)
System memory in use before: 93.5 MB.
System memory in use after: 93.6 MB.

Unloading 6 unused Assets to reduce memory usage. Loaded Objects now: 2709.
Total: 2.154400 ms (FindLiveObjects: 0.273000 ms CreateObjectMapping: 0.107500 ms MarkObjects: 1.755800 ms  DeleteObjects: 0.016800 ms)

========================================================================
Received Prepare
Registering precompiled user dll's ...
Registered in 0.000974 seconds.
Begin MonoManager ReloadAssembly
Native extension for WindowsStandalone target not found
Refreshing native plugins compatible for Editor in 0.57 ms, found 0 plugins.
Preloading 0 native plugins for Editor in 0.00 ms.
Invoked RoslynAnalysisRunner static constructor.
RoslynAnalysisRunner will not be running.
RoslynAnalysisRunner has terminated.
Mono: successfully reloaded assembly
- Completed reload, in  0.852 seconds
Platform modules already initialized, skipping
Refreshing native plugins compatible for Editor in 0.50 ms, found 0 plugins.
Preloading 0 native plugins for Editor in 0.00 ms.
Unloading 2157 Unused Serialized files (Serialized files now loaded: 0)
System memory in use before: 93.4 MB.
System memory in use after: 93.5 MB.

Unloading 6 unused Assets to reduce memory usage. Loaded Objects now: 2711.
Total: 2.622400 ms (FindLiveObjects: 0.505200 ms CreateObjectMapping: 0.290700 ms MarkObjects: 1.808800 ms  DeleteObjects: 0.016300 ms)

========================================================================
Received Prepare
Registering precompiled user dll's ...
Registered in 0.001108 seconds.
Begin MonoManager ReloadAssembly
Native extension for WindowsStandalone target not found
Refreshing native plugins compatible for Editor in 0.35 ms, found 0 plugins.
Preloading 0 native plugins for Editor in 0.00 ms.
Invoked RoslynAnalysisRunner static constructor.
RoslynAnalysisRunner will not be running.
RoslynAnalysisRunner has terminated.
Mono: successfully reloaded assembly
- Completed reload, in  0.751 seconds
Platform modules already initialized, skipping
Refreshing native plugins compatible for Editor in 0.38 ms, found 0 plugins.
Preloading 0 native plugins for Editor in 0.00 ms.
Unloading 2157 Unused Serialized files (Serialized files now loaded: 0)
System memory in use before: 93.5 MB.
System memory in use after: 93.6 MB.

Unloading 6 unused Assets to reduce memory usage. Loaded Objects now: 2713.
Total: 2.276100 ms (FindLiveObjects: 0.262700 ms CreateObjectMapping: 0.213200 ms MarkObjects: 1.782800 ms  DeleteObjects: 0.016100 ms)

========================================================================
Received Prepare
Registering precompiled user dll's ...
Registered in 0.001159 seconds.
Begin MonoManager ReloadAssembly
Native extension for WindowsStandalone target not found
Refreshing native plugins compatible for Editor in 0.37 ms, found 0 plugins.
Preloading 0 native plugins for Editor in 0.00 ms.
Invoked RoslynAnalysisRunner static constructor.
RoslynAnalysisRunner will not be running.
RoslynAnalysisRunner has terminated.
Mono: successfully reloaded assembly
- Completed reload, in  0.807 seconds
Platform modules already initialized, skipping
Refreshing native plugins compatible for Editor in 0.36 ms, found 0 plugins.
Preloading 0 native plugins for Editor in 0.00 ms.
Unloading 2157 Unused Serialized files (Serialized files now loaded: 0)
System memory in use before: 93.5 MB.
System memory in use after: 93.6 MB.

Unloading 6 unused Assets to reduce memory usage. Loaded Objects now: 2715.
Total: 2.405100 ms (FindLiveObjects: 0.404500 ms CreateObjectMapping: 0.197800 ms MarkObjects: 1.783100 ms  DeleteObjects: 0.017800 ms)

========================================================================
Received Prepare
Registering precompiled user dll's ...
Registered in 0.001001 seconds.
Begin MonoManager ReloadAssembly
Native extension for WindowsStandalone target not found
Refreshing native plugins compatible for Editor in 0.58 ms, found 0 plugins.
Preloading 0 native plugins for Editor in 0.00 ms.
Invoked RoslynAnalysisRunner static constructor.
RoslynAnalysisRunner will not be running.
RoslynAnalysisRunner has terminated.
Mono: successfully reloaded assembly
- Completed reload, in  0.852 seconds
Platform modules already initialized, skipping
Refreshing native plugins compatible for Editor in 0.50 ms, found 0 plugins.
Preloading 0 native plugins for Editor in 0.00 ms.
Unloading 2157 Unused Serialized files (Serialized files now loaded: 0)
System memory in use before: 93.5 MB.
System memory in use after: 93.6 MB.

Unloading 6 unused Assets to reduce memory usage. Loaded Objects now: 2717.
Total: 2.013100 ms (FindLiveObjects: 0.228800 ms CreateObjectMapping: 0.103700 ms MarkObjects: 1.664700 ms  DeleteObjects: 0.015000 ms)

========================================================================
Received Prepare
Registering precompiled user dll's ...
Registered in 0.000981 seconds.
Begin MonoManager ReloadAssembly
Native extension for WindowsStandalone target not found
Refreshing native plugins compatible for Editor in 0.43 ms, found 0 plugins.
Preloading 0 native plugins for Editor in 0.00 ms.
Invoked RoslynAnalysisRunner static constructor.
RoslynAnalysisRunner will not be running.
RoslynAnalysisRunner has terminated.
Mono: successfully reloaded assembly
- Completed reload, in  1.148 seconds
Platform modules already initialized, skipping
Refreshing native plugins compatible for Editor in 0.38 ms, found 0 plugins.
Preloading 0 native plugins for Editor in 0.00 ms.
Unloading 2157 Unused Serialized files (Serialized files now loaded: 0)
System memory in use before: 93.5 MB.
System memory in use after: 93.7 MB.

Unloading 6 unused Assets to reduce memory usage. Loaded Objects now: 2719.
Total: 2.204900 ms (FindLiveObjects: 0.300200 ms CreateObjectMapping: 0.142100 ms MarkObjects: 1.720900 ms  DeleteObjects: 0.040200 ms)

========================================================================
Received Prepare
Registering precompiled user dll's ...
Registered in 0.001138 seconds.
Begin MonoManager ReloadAssembly
Native extension for WindowsStandalone target not found
Refreshing native plugins compatible for Editor in 0.34 ms, found 0 plugins.
Preloading 0 native plugins for Editor in 0.00 ms.
Invoked RoslynAnalysisRunner static constructor.
RoslynAnalysisRunner will not be running.
RoslynAnalysisRunner has terminated.
Mono: successfully reloaded assembly
- Completed reload, in  0.858 seconds
Platform modules already initialized, skipping
Refreshing native plugins compatible for Editor in 0.33 ms, found 0 plugins.
Preloading 0 native plugins for Editor in 0.00 ms.
Unloading 2157 Unused Serialized files (Serialized files now loaded: 0)
System memory in use before: 93.4 MB.
System memory in use after: 93.6 MB.

Unloading 6 unused Assets to reduce memory usage. Loaded Objects now: 2721.
Total: 2.341300 ms (FindLiveObjects: 0.302400 ms CreateObjectMapping: 0.130700 ms MarkObjects: 1.887400 ms  DeleteObjects: 0.019600 ms)

========================================================================
Received Prepare
Registering precompiled user dll's ...
Registered in 0.001107 seconds.
Begin MonoManager ReloadAssembly
Native extension for WindowsStandalone target not found
Refreshing native plugins compatible for Editor in 0.55 ms, found 0 plugins.
Preloading 0 native plugins for Editor in 0.00 ms.
Invoked RoslynAnalysisRunner static constructor.
RoslynAnalysisRunner will not be running.
RoslynAnalysisRunner has terminated.
Mono: successfully reloaded assembly
- Completed reload, in  0.940 seconds
Platform modules already initialized, skipping
Refreshing native plugins compatible for Editor in 0.33 ms, found 0 plugins.
Preloading 0 native plugins for Editor in 0.00 ms.
Unloading 2157 Unused Serialized files (Serialized files now loaded: 0)
System memory in use before: 93.6 MB.
System memory in use after: 93.8 MB.

Unloading 6 unused Assets to reduce memory usage. Loaded Objects now: 2723.
Total: 2.051300 ms (FindLiveObjects: 0.289200 ms CreateObjectMapping: 0.098800 ms MarkObjects: 1.647900 ms  DeleteObjects: 0.014500 ms)

========================================================================
Received Prepare
Registering precompiled user dll's ...
Registered in 0.001105 seconds.
Begin MonoManager ReloadAssembly
Native extension for WindowsStandalone target not found
Refreshing native plugins compatible for Editor in 0.44 ms, found 0 plugins.
Preloading 0 native plugins for Editor in 0.00 ms.
Invoked RoslynAnalysisRunner static constructor.
RoslynAnalysisRunner will not be running.
RoslynAnalysisRunner has terminated.
Mono: successfully reloaded assembly
- Completed reload, in  0.802 seconds
Platform modules already initialized, skipping
Refreshing native plugins compatible for Editor in 0.33 ms, found 0 plugins.
Preloading 0 native plugins for Editor in 0.00 ms.
Unloading 2157 Unused Serialized files (Serialized files now loaded: 0)
System memory in use before: 93.6 MB.
System memory in use after: 93.8 MB.

Unloading 6 unused Assets to reduce memory usage. Loaded Objects now: 2725.
Total: 2.111900 ms (FindLiveObjects: 0.280100 ms CreateObjectMapping: 0.066400 ms MarkObjects: 1.750700 ms  DeleteObjects: 0.013300 ms)

========================================================================
Received Prepare
Registering precompiled user dll's ...
Registered in 0.001003 seconds.
Begin MonoManager ReloadAssembly
Native extension for WindowsStandalone target not found
Refreshing native plugins compatible for Editor in 0.35 ms, found 0 plugins.
Preloading 0 native plugins for Editor in 0.00 ms.
Invoked RoslynAnalysisRunner static constructor.
RoslynAnalysisRunner will not be running.
RoslynAnalysisRunner has terminated.
Mono: successfully reloaded assembly
- Completed reload, in  0.897 seconds
Platform modules already initialized, skipping
Refreshing native plugins compatible for Editor in 0.33 ms, found 0 plugins.
Preloading 0 native plugins for Editor in 0.00 ms.
Unloading 2157 Unused Serialized files (Serialized files now loaded: 0)
System memory in use before: 93.7 MB.
System memory in use after: 93.8 MB.

Unloading 6 unused Assets to reduce memory usage. Loaded Objects now: 2727.
Total: 2.251300 ms (FindLiveObjects: 0.261600 ms CreateObjectMapping: 0.110900 ms MarkObjects: 1.858800 ms  DeleteObjects: 0.018800 ms)

========================================================================
Received Import Request.
  Time since last request: 4415.810473 seconds.
  path: Assets/3D_models
  artifactKey: Guid(8cdf7df73fc7dc04387b43f66c55773e) Importer(815301076,1909f56bfc062723c751e8b465ee728b)
Start importing Assets/3D_models using Guid(8cdf7df73fc7dc04387b43f66c55773e) Importer(815301076,1909f56bfc062723c751e8b465ee728b)  -> (artifact id: 'f944ad501eca3ec21022a2c41b7351bc') in 0.010163 seconds
  Import took 0.014579 seconds .

========================================================================
Received Import Request.
  Time since last request: 18.422843 seconds.
  path: Assets/3D_models/Prefab_Blocks
  artifactKey: Guid(dafea61d644bc4b4c940e40e9e4324fc) Importer(815301076,1909f56bfc062723c751e8b465ee728b)
Start importing Assets/3D_models/Prefab_Blocks using Guid(dafea61d644bc4b4c940e40e9e4324fc) Importer(815301076,1909f56bfc062723c751e8b465ee728b)  -> (artifact id: '25790ceee38b7e6e4a9b38b567ec44c8') in 0.009946 seconds
  Import took 0.014283 seconds .

========================================================================
Received Import Request.
  Time since last request: 0.000502 seconds.
  path: Assets/3D_models/Prefab_Blocks
  artifactKey: Guid(dafea61d644bc4b4c940e40e9e4324fc) Importer(815301076,1909f56bfc062723c751e8b465ee728b)
Start importing Assets/3D_models/Prefab_Blocks using Guid(dafea61d644bc4b4c940e40e9e4324fc) Importer(815301076,1909f56bfc062723c751e8b465ee728b)  -> (artifact id: '25790ceee38b7e6e4a9b38b567ec44c8') in 0.002780 seconds
  Import took 0.007665 seconds .

========================================================================
Received Import Request.
  Time since last request: 5.866719 seconds.
  path: Assets/3D_models/Prefab_Blocks/FloorPiece.prefab
  artifactKey: Guid(7b9c2909ad7dbda44a3d698b841994f4) Importer(815301076,1909f56bfc062723c751e8b465ee728b)
Start importing Assets/3D_models/Prefab_Blocks/FloorPiece.prefab using Guid(7b9c2909ad7dbda44a3d698b841994f4) Importer(815301076,1909f56bfc062723c751e8b465ee728b)  -> (artifact id: '87d6c12d2e60298507d1e1af619f9e8b') in 0.081488 seconds
  Import took 0.085818 seconds .

========================================================================
Received Import Request.
  Time since last request: 0.001066 seconds.
  path: Assets/3D_models/Prefab_Blocks/FloorPiece.prefab
  artifactKey: Guid(7b9c2909ad7dbda44a3d698b841994f4) Importer(815301076,1909f56bfc062723c751e8b465ee728b)
Start importing Assets/3D_models/Prefab_Blocks/FloorPiece.prefab using Guid(7b9c2909ad7dbda44a3d698b841994f4) Importer(815301076,1909f56bfc062723c751e8b465ee728b)  -> (artifact id: '87d6c12d2e60298507d1e1af619f9e8b') in 0.009879 seconds
  Import took 0.015322 seconds .

========================================================================
Received Import Request.
  Time since last request: 272.114326 seconds.
  path: Assets/3D_models/Prefab_Blocks/WallPiece.prefab
  artifactKey: Guid(1a0ca451b684e7b458fd0756b8c5c1b7) Importer(815301076,1909f56bfc062723c751e8b465ee728b)
Start importing Assets/3D_models/Prefab_Blocks/WallPiece.prefab using Guid(1a0ca451b684e7b458fd0756b8c5c1b7) Importer(815301076,1909f56bfc062723c751e8b465ee728b)  -> (artifact id: '1291666e0e275da6f337d780f940cd28') in 0.023845 seconds
  Import took 0.027962 seconds .

========================================================================
Received Import Request.
  Time since last request: 829.444473 seconds.
  path: Assets/Materials
  artifactKey: Guid(aba8065b4475baf4cbb19683df0dc588) Importer(815301076,1909f56bfc062723c751e8b465ee728b)
Start importing Assets/Materials using Guid(aba8065b4475baf4cbb19683df0dc588) Importer(815301076,1909f56bfc062723c751e8b465ee728b)  -> (artifact id: '12cf6532935c790e467fc3bda82ac84e') in 0.009124 seconds
  Import took 0.013750 seconds .

========================================================================
Received Import Request.
  Time since last request: 0.048699 seconds.
  path: Assets/Materials/UY_Skybox.mat
  artifactKey: Guid(5e964de35dfe92941b710dfaaa86f713) Importer(815301076,1909f56bfc062723c751e8b465ee728b)
Start importing Assets/Materials/UY_Skybox.mat using Guid(5e964de35dfe92941b710dfaaa86f713) Importer(815301076,1909f56bfc062723c751e8b465ee728b)  -> (artifact id: '320055bdadb6b58dd22f85fbfc38068e') in 0.039099 seconds
  Import took 0.043418 seconds .

========================================================================
Received Import Request.
  Time since last request: 14.153923 seconds.
  path: Assets/Materials/Lighbulbs.mat
  artifactKey: Guid(089a747637f98ff48b45420fdcc1cbdf) Importer(815301076,1909f56bfc062723c751e8b465ee728b)
Start importing Assets/Materials/Lighbulbs.mat using Guid(089a747637f98ff48b45420fdcc1cbdf) Importer(815301076,1909f56bfc062723c751e8b465ee728b)  -> (artifact id: '373f485edb3b1b1da0dba7bcbea57dca') in 0.019336 seconds
  Import took 0.023359 seconds .

========================================================================
Received Import Request.
  Time since last request: 390.899430 seconds.
  path: Assets/3D_models/Prefab_Blocks/LightBars.prefab
  artifactKey: Guid(c99c2a9737672d74588ec47d8b1309af) Importer(815301076,1909f56bfc062723c751e8b465ee728b)
Start importing Assets/3D_models/Prefab_Blocks/LightBars.prefab using Guid(c99c2a9737672d74588ec47d8b1309af) Importer(815301076,1909f56bfc062723c751e8b465ee728b)  -> (artifact id: '78fe08f43a9f71e92b09ed8ed1804fd6') in 0.020987 seconds
  Import took 0.026527 seconds .

========================================================================
Received Prepare
Registering precompiled user dll's ...
Registered in 0.001130 seconds.
Begin MonoManager ReloadAssembly
Native extension for WindowsStandalone target not found
Refreshing native plugins compatible for Editor in 0.54 ms, found 0 plugins.
Preloading 0 native plugins for Editor in 0.00 ms.
Invoked RoslynAnalysisRunner static constructor.
RoslynAnalysisRunner will not be running.
RoslynAnalysisRunner has terminated.
Mono: successfully reloaded assembly
- Completed reload, in  0.867 seconds
Platform modules already initialized, skipping
Refreshing native plugins compatible for Editor in 0.36 ms, found 0 plugins.
Preloading 0 native plugins for Editor in 0.00 ms.
Unloading 2157 Unused Serialized files (Serialized files now loaded: 0)
System memory in use before: 93.7 MB.
System memory in use after: 94.0 MB.

Unloading 7 unused Assets to reduce memory usage. Loaded Objects now: 2732.
Total: 2.727600 ms (FindLiveObjects: 0.337600 ms CreateObjectMapping: 0.304600 ms MarkObjects: 2.065300 ms  DeleteObjects: 0.019200 ms)

========================================================================
Received Import Request.
  Time since last request: 586.964833 seconds.
  path: Assets/3D_models/Prefab_Blocks/StairCase.prefab
  artifactKey: Guid(6103bcecdb074264faaff92b41a2ed21) Importer(815301076,1909f56bfc062723c751e8b465ee728b)
Start importing Assets/3D_models/Prefab_Blocks/StairCase.prefab using Guid(6103bcecdb074264faaff92b41a2ed21) Importer(815301076,1909f56bfc062723c751e8b465ee728b)  -> (artifact id: 'a2f87bb646c4af77566b8a7c9f1b2a60') in 0.057686 seconds
  Import took 0.062190 seconds .

========================================================================
Received Import Request.
  Time since last request: 35.843066 seconds.
  path: Assets/3D_models/Prefab_Blocks/StairCase.prefab
  artifactKey: Guid(6103bcecdb074264faaff92b41a2ed21) Importer(815301076,1909f56bfc062723c751e8b465ee728b)
Start importing Assets/3D_models/Prefab_Blocks/StairCase.prefab using Guid(6103bcecdb074264faaff92b41a2ed21) Importer(815301076,1909f56bfc062723c751e8b465ee728b)  -> (artifact id: 'c806d5d3eaee6f6fea29504dab72fda7') in 0.018879 seconds
  Import took 0.023423 seconds .

========================================================================
Received Import Request.
  Time since last request: 0.021503 seconds.
  path: Assets/3D_models/Prefab_Blocks/StairCase.prefab
  artifactKey: Guid(6103bcecdb074264faaff92b41a2ed21) Importer(815301076,1909f56bfc062723c751e8b465ee728b)
Start importing Assets/3D_models/Prefab_Blocks/StairCase.prefab using Guid(6103bcecdb074264faaff92b41a2ed21) Importer(815301076,1909f56bfc062723c751e8b465ee728b)  -> (artifact id: 'c806d5d3eaee6f6fea29504dab72fda7') in 0.008465 seconds
  Import took 0.012233 seconds .

========================================================================
Received Import Request.
  Time since last request: 9.441154 seconds.
  path: Assets/3D_models/Prefab_Blocks/HalfStep.prefab
  artifactKey: Guid(1ef2c2447799751489c36d517590226f) Importer(815301076,1909f56bfc062723c751e8b465ee728b)
Start importing Assets/3D_models/Prefab_Blocks/HalfStep.prefab using Guid(1ef2c2447799751489c36d517590226f) Importer(815301076,1909f56bfc062723c751e8b465ee728b)  -> (artifact id: 'b3668ac43cbbeaf5858abbbcbbd05dee') in 0.021184 seconds
  Import took 0.025643 seconds .

========================================================================
Received Import Request.
  Time since last request: 0.026777 seconds.
  path: Assets/3D_models/Prefab_Blocks/HalfStep.prefab
  artifactKey: Guid(1ef2c2447799751489c36d517590226f) Importer(815301076,1909f56bfc062723c751e8b465ee728b)
Start importing Assets/3D_models/Prefab_Blocks/HalfStep.prefab using Guid(1ef2c2447799751489c36d517590226f) Importer(815301076,1909f56bfc062723c751e8b465ee728b)  -> (artifact id: 'b3668ac43cbbeaf5858abbbcbbd05dee') in 0.009536 seconds
  Import took 0.013292 seconds .

========================================================================
Received Import Request.
  Time since last request: 205.402507 seconds.
  path: Assets/3D_models/Prefab_Blocks/Footbridge.prefab
  artifactKey: Guid(5cba48877249ff441a264daec61a0e32) Importer(815301076,1909f56bfc062723c751e8b465ee728b)
Start importing Assets/3D_models/Prefab_Blocks/Footbridge.prefab using Guid(5cba48877249ff441a264daec61a0e32) Importer(815301076,1909f56bfc062723c751e8b465ee728b)  -> (artifact id: '14b910cda5997fe321712f940e2f1ed8') in 0.018967 seconds
  Import took 0.023622 seconds .

========================================================================
Received Import Request.
  Time since last request: 0.023758 seconds.
  path: Assets/3D_models/Prefab_Blocks/Footbridge.prefab
  artifactKey: Guid(5cba48877249ff441a264daec61a0e32) Importer(815301076,1909f56bfc062723c751e8b465ee728b)
Start importing Assets/3D_models/Prefab_Blocks/Footbridge.prefab using Guid(5cba48877249ff441a264daec61a0e32) Importer(815301076,1909f56bfc062723c751e8b465ee728b)  -> (artifact id: '14b910cda5997fe321712f940e2f1ed8') in 0.008316 seconds
  Import took 0.012902 seconds .

========================================================================
Received Import Request.
  Time since last request: 95.370752 seconds.
  path: Assets/NPC
  artifactKey: Guid(ab88a4e000449d54ab65f18760cd96f2) Importer(815301076,1909f56bfc062723c751e8b465ee728b)
Start importing Assets/NPC using Guid(ab88a4e000449d54ab65f18760cd96f2) Importer(815301076,1909f56bfc062723c751e8b465ee728b)  -> (artifact id: '9add78198dc86849d6809e4854baf503') in 0.008604 seconds
  Import took 0.012224 seconds .

========================================================================
Received Import Request.
  Time since last request: 109.034596 seconds.
  path: Assets/Scenes/NPC.prefab
  artifactKey: Guid(93c32b1a5d7c02c40a5c1d04eaa89c19) Importer(815301076,1909f56bfc062723c751e8b465ee728b)
Start importing Assets/Scenes/NPC.prefab using Guid(93c32b1a5d7c02c40a5c1d04eaa89c19) Importer(815301076,1909f56bfc062723c751e8b465ee728b)  -> (artifact id: '434afb0fd0a06773c84f5d7831771223') in 0.015614 seconds
  Import took 0.019261 seconds .

========================================================================
Received Import Request.
  Time since last request: 0.009910 seconds.
  path: Assets/Scenes/NPC.prefab
  artifactKey: Guid(93c32b1a5d7c02c40a5c1d04eaa89c19) Importer(815301076,1909f56bfc062723c751e8b465ee728b)
Start importing Assets/Scenes/NPC.prefab using Guid(93c32b1a5d7c02c40a5c1d04eaa89c19) Importer(815301076,1909f56bfc062723c751e8b465ee728b)  -> (artifact id: '434afb0fd0a06773c84f5d7831771223') in 0.009194 seconds
  Import took 0.013289 seconds .

========================================================================
Received Import Request.
  Time since last request: 380.855236 seconds.
  path: Assets/3D_models/Prefab_Blocks/Computer.prefab
  artifactKey: Guid(fa97c7c4202ca4f4d8a06ee2e5020913) Importer(815301076,1909f56bfc062723c751e8b465ee728b)
Start importing Assets/3D_models/Prefab_Blocks/Computer.prefab using Guid(fa97c7c4202ca4f4d8a06ee2e5020913) Importer(815301076,1909f56bfc062723c751e8b465ee728b)  -> (artifact id: 'f15630a15bdb948ffff17546142b0974') in 0.022126 seconds
  Import took 0.028083 seconds .

========================================================================
Received Import Request.
  Time since last request: 0.018541 seconds.
  path: Assets/3D_models/Prefab_Blocks/Computer.prefab
  artifactKey: Guid(fa97c7c4202ca4f4d8a06ee2e5020913) Importer(815301076,1909f56bfc062723c751e8b465ee728b)
Start importing Assets/3D_models/Prefab_Blocks/Computer.prefab using Guid(fa97c7c4202ca4f4d8a06ee2e5020913) Importer(815301076,1909f56bfc062723c751e8b465ee728b)  -> (artifact id: 'f15630a15bdb948ffff17546142b0974') in 0.009172 seconds
  Import took 0.012881 seconds .

========================================================================
Received Import Request.
  Time since last request: 17.380975 seconds.
  path: Assets/3D_models/Prefab_Blocks/Desk.prefab
  artifactKey: Guid(4cd60c809fb529e43af292f07811ab8b) Importer(815301076,1909f56bfc062723c751e8b465ee728b)
Start importing Assets/3D_models/Prefab_Blocks/Desk.prefab using Guid(4cd60c809fb529e43af292f07811ab8b) Importer(815301076,1909f56bfc062723c751e8b465ee728b)  -> (artifact id: '2bd009f308bd544722060eeb42940571') in 0.017973 seconds
  Import took 0.021753 seconds .

========================================================================
Received Import Request.
  Time since last request: 0.021361 seconds.
  path: Assets/3D_models/Prefab_Blocks/Desk.prefab
  artifactKey: Guid(4cd60c809fb529e43af292f07811ab8b) Importer(815301076,1909f56bfc062723c751e8b465ee728b)
Start importing Assets/3D_models/Prefab_Blocks/Desk.prefab using Guid(4cd60c809fb529e43af292f07811ab8b) Importer(815301076,1909f56bfc062723c751e8b465ee728b)  -> (artifact id: '2bd009f308bd544722060eeb42940571') in 0.010077 seconds
  Import took 0.014108 seconds .

========================================================================
Received Import Request.
  Time since last request: 774.773577 seconds.
  path: Assets/Interactible
  artifactKey: Guid(ab88a4e000449d54ab65f18760cd96f2) Importer(815301076,1909f56bfc062723c751e8b465ee728b)
Start importing Assets/Interactible using Guid(ab88a4e000449d54ab65f18760cd96f2) Importer(815301076,1909f56bfc062723c751e8b465ee728b)  -> (artifact id: '4aeabc24ef157ac54322f70c7dafef80') in 0.008448 seconds
  Import took 0.013147 seconds .

========================================================================
Received Import Request.
  Time since last request: 804.672724 seconds.
  path: Assets/3D_models/Prefab_Blocks/Wall_Window.prefab
  artifactKey: Guid(1de3659c7132c2a4bbb751a67a0ab2ae) Importer(815301076,1909f56bfc062723c751e8b465ee728b)
Start importing Assets/3D_models/Prefab_Blocks/Wall_Window.prefab using Guid(1de3659c7132c2a4bbb751a67a0ab2ae) Importer(815301076,1909f56bfc062723c751e8b465ee728b)  -> (artifact id: '658356bcd271c7993f76da45443ce8a0') in 0.029677 seconds
  Import took 0.035578 seconds .

========================================================================
Received Import Request.
  Time since last request: 0.035789 seconds.
  path: Assets/3D_models/Prefab_Blocks/Wall_Window.prefab
  artifactKey: Guid(1de3659c7132c2a4bbb751a67a0ab2ae) Importer(815301076,1909f56bfc062723c751e8b465ee728b)
Start importing Assets/3D_models/Prefab_Blocks/Wall_Window.prefab using Guid(1de3659c7132c2a4bbb751a67a0ab2ae) Importer(815301076,1909f56bfc062723c751e8b465ee728b)  -> (artifact id: '658356bcd271c7993f76da45443ce8a0') in 0.010858 seconds
  Import took 0.014667 seconds .

========================================================================
Received Import Request.
  Time since last request: 379.450703 seconds.
  path: Assets/Materials/Lighbulbs.mat
  artifactKey: Guid(089a747637f98ff48b45420fdcc1cbdf) Importer(815301076,1909f56bfc062723c751e8b465ee728b)
Start importing Assets/Materials/Lighbulbs.mat using Guid(089a747637f98ff48b45420fdcc1cbdf) Importer(815301076,1909f56bfc062723c751e8b465ee728b)  -> (artifact id: '2e8575ce9668fb9e9b44ccd2a6acc314') in 0.036423 seconds
  Import took 0.041975 seconds .

========================================================================
Received Prepare
Registering precompiled user dll's ...
Registered in 0.001254 seconds.
Begin MonoManager ReloadAssembly
Native extension for WindowsStandalone target not found
Refreshing native plugins compatible for Editor in 0.65 ms, found 0 plugins.
Preloading 0 native plugins for Editor in 0.00 ms.
Invoked RoslynAnalysisRunner static constructor.
RoslynAnalysisRunner will not be running.
RoslynAnalysisRunner has terminated.
Mono: successfully reloaded assembly
- Completed reload, in  1.132 seconds
Platform modules already initialized, skipping
Refreshing native plugins compatible for Editor in 0.40 ms, found 0 plugins.
Preloading 0 native plugins for Editor in 0.00 ms.
Unloading 2157 Unused Serialized files (Serialized files now loaded: 0)
System memory in use before: 94.6 MB.
System memory in use after: 94.8 MB.

Unloading 7 unused Assets to reduce memory usage. Loaded Objects now: 2739.
Total: 3.073300 ms (FindLiveObjects: 0.519200 ms CreateObjectMapping: 0.175600 ms MarkObjects: 2.328400 ms  DeleteObjects: 0.048800 ms)

========================================================================
Received Import Request.
  Time since last request: 372.044039 seconds.
  path: Assets/3D_models/Prefab_Blocks/LightBars.prefab
  artifactKey: Guid(c99c2a9737672d74588ec47d8b1309af) Importer(815301076,1909f56bfc062723c751e8b465ee728b)
Start importing Assets/3D_models/Prefab_Blocks/LightBars.prefab using Guid(c99c2a9737672d74588ec47d8b1309af) Importer(815301076,1909f56bfc062723c751e8b465ee728b)  -> (artifact id: 'b318415f0a66eac4d445ea6f01f54d5d') in 0.057267 seconds
  Import took 0.062190 seconds .

========================================================================
Received Import Request.
  Time since last request: 728.804715 seconds.
  path: Assets/Interactible/Creatures.prefab
  artifactKey: Guid(ca4be59b4104ecd42b407857b4f8cfbe) Importer(815301076,1909f56bfc062723c751e8b465ee728b)
Start importing Assets/Interactible/Creatures.prefab using Guid(ca4be59b4104ecd42b407857b4f8cfbe) Importer(815301076,1909f56bfc062723c751e8b465ee728b)  -> (artifact id: 'b244f5b177d7606b34fd47a9a7103b58') in 0.021692 seconds
  Import took 0.026237 seconds .

========================================================================
Received Import Request.
  Time since last request: 0.002137 seconds.
  path: Assets/Interactible/Creatures.prefab
  artifactKey: Guid(ca4be59b4104ecd42b407857b4f8cfbe) Importer(815301076,1909f56bfc062723c751e8b465ee728b)
Start importing Assets/Interactible/Creatures.prefab using Guid(ca4be59b4104ecd42b407857b4f8cfbe) Importer(815301076,1909f56bfc062723c751e8b465ee728b)  -> (artifact id: 'b244f5b177d7606b34fd47a9a7103b58') in 0.012271 seconds
  Import took 0.017426 seconds .

========================================================================
Received Prepare
Registering precompiled user dll's ...
Registered in 0.002202 seconds.
Begin MonoManager ReloadAssembly
Native extension for WindowsStandalone target not found
Refreshing native plugins compatible for Editor in 0.35 ms, found 0 plugins.
Preloading 0 native plugins for Editor in 0.00 ms.
Invoked RoslynAnalysisRunner static constructor.
RoslynAnalysisRunner will not be running.
RoslynAnalysisRunner has terminated.
Mono: successfully reloaded assembly
- Completed reload, in  0.961 seconds
Platform modules already initialized, skipping
Refreshing native plugins compatible for Editor in 0.67 ms, found 0 plugins.
Preloading 0 native plugins for Editor in 0.00 ms.
Unloading 2157 Unused Serialized files (Serialized files now loaded: 0)
System memory in use before: 94.7 MB.
System memory in use after: 94.9 MB.

Unloading 7 unused Assets to reduce memory usage. Loaded Objects now: 2742.
Total: 2.709000 ms (FindLiveObjects: 0.350200 ms CreateObjectMapping: 0.138700 ms MarkObjects: 2.186800 ms  DeleteObjects: 0.031900 ms)

AssetImportWorkerClient::OnTransportError - code=2 error=End of file
